[2020-08-07 18:57:02] local.ERROR: Attribute [resourse] does not exist. {"exception":"[object] (InvalidArgumentException(code: 0): Attribute [resourse] does not exist. at D:\\All Semister Study\\8th Semister-2020\\Software Engineering Web Application\\Class Task\\Make crud application using laravel framework\\CrudApplication\\vendor\\laravel\\framework\\src\\Illuminate\\Routing\\RouteRegistrar.php:92)
[stacktrace]
#0 D:\\All Semister Study\\8th Semister-2020\\Software Engineering Web Application\\Class Task\\Make crud application using laravel framework\\CrudApplication\\vendor\\laravel\\framework\\src\\Illuminate\\Routing\\Router.php(1246): Illuminate\\Routing\\RouteRegistrar->attribute('resourse', 'blog')
#1 D:\\All Semister Study\\8th Semister-2020\\Software Engineering Web Application\\Class Task\\Make crud application using laravel framework\\CrudApplication\\vendor\\laravel\\framework\\src\\Illuminate\\Support\\Facades\\Facade.php(261): Illuminate\\Routing\\Router->__call('resourse', Array)
#2 D:\\All Semister Study\\8th Semister-2020\\Software Engineering Web Application\\Class Task\\Make crud application using laravel framework\\CrudApplication\outes\\web.php(19): Illuminate\\Support\\Facades\\Facade::__callStatic('resourse', Array)
#3 D:\\All Semister Study\\8th Semister-2020\\Software Engineering Web Application\\Class Task\\Make crud application using laravel framework\\CrudApplication\\vendor\\laravel\\framework\\src\\Illuminate\\Routing\\RouteFileRegistrar.php(35): require('D:\\\\All Semister...')
#4 D:\\All Semister Study\\8th Semister-2020\\Software Engineering Web Application\\Class Task\\Make crud application using laravel framework\\CrudApplication\\vendor\\laravel\\framework\\src\\Illuminate\\Routing\\Router.php(417): Illuminate\\Routing\\RouteFileRegistrar->register('D:\\\\All Semister...')
#5 D:\\All Semister Study\\8th Semister-2020\\Software Engineering Web Application\\Class Task\\Make crud application using laravel framework\\CrudApplication\\vendor\\laravel\\framework\\src\\Illuminate\\Routing\\Router.php(374): Illuminate\\Routing\\Router->loadRoutes('D:\\\\All Semister...')
#6 D:\\All Semister Study\\8th Semister-2020\\Software Engineering Web Application\\Class Task\\Make crud application using laravel framework\\CrudApplication\\vendor\\laravel\\framework\\src\\Illuminate\\Routing\\RouteRegistrar.php(134): Illuminate\\Routing\\Router->group(Array, 'D:\\\\All Semister...')
#7 D:\\All Semister Study\\8th Semister-2020\\Software Engineering Web Application\\Class Task\\Make crud application using laravel framework\\CrudApplication\\app\\Providers\\RouteServiceProvider.php(63): Illuminate\\Routing\\RouteRegistrar->group('D:\\\\All Semister...')
#8 D:\\All Semister Study\\8th Semister-2020\\Software Engineering Web Application\\Class Task\\Make crud application using laravel framework\\CrudApplication\\app\\Providers\\RouteServiceProvider.php(47): App\\Providers\\RouteServiceProvider->mapWebRoutes()
#9 [internal function]: App\\Providers\\RouteServiceProvider->map()
#10 D:\\All Semister Study\\8th Semister-2020\\Software Engineering Web Application\\Class Task\\Make crud application using laravel framework\\CrudApplication\\vendor\\laravel\\framework\\src\\Illuminate\\Container\\BoundMethod.php(37): call_user_func_array(Array, Array)
#11 D:\\All Semister Study\\8th Semister-2020\\Software Engineering Web Application\\Class Task\\Make crud application using laravel framework\\CrudApplication\\vendor\\laravel\\framework\\src\\Illuminate\\Container\\Util.php(37): Illuminate\\Container\\BoundMethod::Illuminate\\Container\\{closure}()
#12 D:\\All Semister Study\\8th Semister-2020\\Software Engineering Web Application\\Class Task\\Make crud application using laravel framework\\CrudApplication\\vendor\\laravel\\framework\\src\\Illuminate\\Container\\BoundMethod.php(95): Illuminate\\Container\\Util::unwrapIfClosure(Object(Closure))
#13 D:\\All Semister Study\\8th Semister-2020\\Software Engineering Web Application\\Class Task\\Make crud application using laravel framework\\CrudApplication\\vendor\\laravel\\framework\\src\\Illuminate\\Container\\BoundMethod.php(39): Illuminate\\Container\\BoundMethod::callBoundMethod(Object(Illuminate\\Foundation\\Application), Array, Object(Closure))
#14 D:\\All Semister Study\\8th Semister-2020\\Software Engineering Web Application\\Class Task\\Make crud application using laravel framework\\CrudApplication\\vendor\\laravel\\framework\\src\\Illuminate\\Container\\Container.php(596): Illuminate\\Container\\BoundMethod::call(Object(Illuminate\\Foundation\\Application), Array, Array, NULL)
#15 D:\\All Semister Study\\8th Semister-2020\\Software Engineering Web Application\\Class Task\\Make crud application using laravel framework\\CrudApplication\\vendor\\laravel\\framework\\src\\Illuminate\\Foundation\\Support\\Providers\\RouteServiceProvider.php(87): Illuminate\\Container\\Container->call(Array)
#16 D:\\All Semister Study\\8th Semister-2020\\Software Engineering Web Application\\Class Task\\Make crud application using laravel framework\\CrudApplication\\vendor\\laravel\\framework\\src\\Illuminate\\Foundation\\Support\\Providers\\RouteServiceProvider.php(36): Illuminate\\Foundation\\Support\\Providers\\RouteServiceProvider->loadRoutes()
#17 D:\\All Semister Study\\8th Semister-2020\\Software Engineering Web Application\\Class Task\\Make crud application using laravel framework\\CrudApplication\\app\\Providers\\RouteServiceProvider.php(35): Illuminate\\Foundation\\Support\\Providers\\RouteServiceProvider->boot()
#18 [internal function]: App\\Providers\\RouteServiceProvider->boot()
#19 D:\\All Semister Study\\8th Semister-2020\\Software Engineering Web Application\\Class Task\\Make crud application using laravel framework\\CrudApplication\\vendor\\laravel\\framework\\src\\Illuminate\\Container\\BoundMethod.php(37): call_user_func_array(Array, Array)
#20 D:\\All Semister Study\\8th Semister-2020\\Software Engineering Web Application\\Class Task\\Make crud application using laravel framework\\CrudApplication\\vendor\\laravel\\framework\\src\\Illuminate\\Container\\Util.php(37): Illuminate\\Container\\BoundMethod::Illuminate\\Container\\{closure}()
#21 D:\\All Semister Study\\8th Semister-2020\\Software Engineering Web Application\\Class Task\\Make crud application using laravel framework\\CrudApplication\\vendor\\laravel\\framework\\src\\Illuminate\\Container\\BoundMethod.php(95): Illuminate\\Container\\Util::unwrapIfClosure(Object(Closure))
#22 D:\\All Semister Study\\8th Semister-2020\\Software Engineering Web Application\\Class Task\\Make crud application using laravel framework\\CrudApplication\\vendor\\laravel\\framework\\src\\Illuminate\\Container\\BoundMethod.php(39): Illuminate\\Container\\BoundMethod::callBoundMethod(Object(Illuminate\\Foundation\\Application), Array, Object(Closure))
#23 D:\\All Semister Study\\8th Semister-2020\\Software Engineering Web Application\\Class Task\\Make crud application using laravel framework\\CrudApplication\\vendor\\laravel\\framework\\src\\Illuminate\\Container\\Container.php(596): Illuminate\\Container\\BoundMethod::call(Object(Illuminate\\Foundation\\Application), Array, Array, NULL)
#24 D:\\All Semister Study\\8th Semister-2020\\Software Engineering Web Application\\Class Task\\Make crud application using laravel framework\\CrudApplication\\vendor\\laravel\\framework\\src\\Illuminate\\Foundation\\Application.php(867): Illuminate\\Container\\Container->call(Array)
#25 D:\\All Semister Study\\8th Semister-2020\\Software Engineering Web Application\\Class Task\\Make crud application using laravel framework\\CrudApplication\\vendor\\laravel\\framework\\src\\Illuminate\\Foundation\\Application.php(850): Illuminate\\Foundation\\Application->bootProvider(Object(App\\Providers\\RouteServiceProvider))
#26 [internal function]: Illuminate\\Foundation\\Application->Illuminate\\Foundation\\{closure}(Object(App\\Providers\\RouteServiceProvider), 22)
#27 D:\\All Semister Study\\8th Semister-2020\\Software Engineering Web Application\\Class Task\\Make crud application using laravel framework\\CrudApplication\\vendor\\laravel\\framework\\src\\Illuminate\\Foundation\\Application.php(851): array_walk(Array, Object(Closure))
#28 D:\\All Semister Study\\8th Semister-2020\\Software Engineering Web Application\\Class Task\\Make crud application using laravel framework\\CrudApplication\\vendor\\laravel\\framework\\src\\Illuminate\\Foundation\\Bootstrap\\BootProviders.php(17): Illuminate\\Foundation\\Application->boot()
#29 D:\\All Semister Study\\8th Semister-2020\\Software Engineering Web Application\\Class Task\\Make crud application using laravel framework\\CrudApplication\\vendor\\laravel\\framework\\src\\Illuminate\\Foundation\\Application.php(230): Illuminate\\Foundation\\Bootstrap\\BootProviders->bootstrap(Object(Illuminate\\Foundation\\Application))
#30 D:\\All Semister Study\\8th Semister-2020\\Software Engineering Web Application\\Class Task\\Make crud application using laravel framework\\CrudApplication\\vendor\\laravel\\framework\\src\\Illuminate\\Foundation\\Console\\Kernel.php(310): Illuminate\\Foundation\\Application->bootstrapWith(Array)
#31 D:\\All Semister Study\\8th Semister-2020\\Software Engineering Web Application\\Class Task\\Make crud application using laravel framework\\CrudApplication\\vendor\\laravel\\framework\\src\\Illuminate\\Foundation\\Console\\Kernel.php(127): Illuminate\\Foundation\\Console\\Kernel->bootstrap()
#32 D:\\All Semister Study\\8th Semister-2020\\Software Engineering Web Application\\Class Task\\Make crud application using laravel framework\\CrudApplication\\artisan(37): Illuminate\\Foundation\\Console\\Kernel->handle(Object(Symfony\\Component\\Console\\Input\\ArgvInput), Object(Symfony\\Component\\Console\\Output\\ConsoleOutput))
#33 {main}
"} 
